c:\users\mdoherty\desktop\comp259\hw03-2023\ska\ms_vs\ska\debug\vc142.pdb
c:\users\mdoherty\desktop\comp259\hw03-2023\ska\ms_vs\ska\debug\vc142.idb
c:\users\mdoherty\desktop\comp259\hw03-2023\ska\ms_vs\ska\debug\sks_readerwriter.obj
c:\users\mdoherty\desktop\comp259\hw03-2023\ska\ms_vs\ska\debug\skm_readerwriter.obj
c:\users\mdoherty\desktop\comp259\hw03-2023\ska\ms_vs\ska\debug\parsingutilities.obj
c:\users\mdoherty\desktop\comp259\hw03-2023\ska\ms_vs\ska\debug\filesystem.obj
c:\users\mdoherty\desktop\comp259\hw03-2023\ska\ms_vs\ska\debug\datamanager.obj
c:\users\mdoherty\desktop\comp259\hw03-2023\ska\ms_vs\ska\debug\bvh_reader.obj
c:\users\mdoherty\desktop\comp259\hw03-2023\ska\ms_vs\ska\debug\asf_writer.obj
c:\users\mdoherty\desktop\comp259\hw03-2023\ska\ms_vs\ska\debug\asf_reader.obj
c:\users\mdoherty\desktop\comp259\hw03-2023\ska\ms_vs\ska\debug\amc_writer.obj
c:\users\mdoherty\desktop\comp259\hw03-2023\ska\ms_vs\ska\debug\amc_reader.obj
c:\users\mdoherty\desktop\comp259\hw03-2023\ska\ms_vs\ska\debug\systemtimer.obj
c:\users\mdoherty\desktop\comp259\hw03-2023\ska\ms_vs\ska\debug\systemlog.obj
c:\users\mdoherty\desktop\comp259\hw03-2023\ska\ms_vs\ska\debug\camera.obj
c:\users\mdoherty\desktop\comp259\hw03-2023\ska\ms_vs\ska\debug\skeleton.obj
c:\users\mdoherty\desktop\comp259\hw03-2023\ska\ms_vs\ska\debug\rawmotioncontroller.obj
c:\users\mdoherty\desktop\comp259\hw03-2023\ska\ms_vs\ska\debug\multisequencecontroller.obj
c:\users\mdoherty\desktop\comp259\hw03-2023\ska\ms_vs\ska\debug\motionsequencecontroller.obj
c:\users\mdoherty\desktop\comp259\hw03-2023\ska\ms_vs\ska\debug\motionsequence.obj
c:\users\mdoherty\desktop\comp259\hw03-2023\ska\ms_vs\ska\debug\bone.obj
c:\users\mdoherty\desktop\comp259\hw03-2023\ska\ms_vs\ska\debug\blender.obj
c:\users\mdoherty\desktop\comp259\hw03-2023\ska\ms_vs\ska\debug\fft.obj
c:\users\mdoherty\desktop\comp259\hw03-2023\ska\ms_vs\ska\debug\rotator.obj
c:\users\mdoherty\desktop\comp259\hw03-2023\ska\ms_vs\ska\debug\qobject.obj
c:\users\mdoherty\desktop\comp259\hw03-2023\ska\ms_vs\ska\debug\object.obj
c:\users\mdoherty\desktop\comp259\hw03-2023\ska\ms_vs\ska\debug\bonesequence.obj
c:\users\mdoherty\desktop\comp259\hw03-2023\ska\ms_vs\ska\debug\spheremodels.obj
c:\users\mdoherty\desktop\comp259\hw03-2023\ska\ms_vs\ska\debug\modelfactory.obj
c:\users\mdoherty\desktop\comp259\hw03-2023\ska\ms_vs\ska\debug\codedmodels.obj
c:\users\mdoherty\desktop\comp259\hw03-2023\ska\ms_vs\ska\debug\vector3d.obj
c:\users\mdoherty\desktop\comp259\hw03-2023\ska\ms_vs\ska\debug\randomgenerator.obj
c:\users\mdoherty\desktop\comp259\hw03-2023\ska\ms_vs\ska\debug\quaternion.obj
c:\users\mdoherty\desktop\comp259\hw03-2023\ska\ms_vs\ska\debug\point2d.obj
c:\users\mdoherty\desktop\comp259\hw03-2023\ska\ms_vs\ska\debug\matrix4x4.obj
c:\users\mdoherty\desktop\comp259\hw03-2023\ska\ms_vs\ska\debug\inputmanager.obj
c:\users\mdoherty\desktop\comp259\hw03-2023\ska\ms_vs\ska\debug\inputfilter.obj
c:\users\mdoherty\desktop\comp259\hw03-2023\ska\ms_vs\ska\debug\textures.obj
c:\users\mdoherty\desktop\comp259\hw03-2023\ska\ms_vs\ska\debug\lights.obj
c:\users\mdoherty\desktop\comp259\hw03-2023\ska\ms_vs\ska\debug\graphicsinterface.obj
c:\users\mdoherty\desktop\comp259\hw03-2023\ska\ms_vs\ska\debug\graphics2d.obj
c:\users\mdoherty\desktop\comp259\hw03-2023\ska\ms_vs\ska\debug\easybmp.obj
c:\users\mdoherty\desktop\comp259\hw03-2023\ska\ms_vs\ska\debug\signals.obj
c:\users\mdoherty\desktop\comp259\hw03-2023\ska\ms_vs\ska\debug\skad.ilk
c:\users\mdoherty\desktop\comp259\hw03-2023\ska\ms_vs\debug\skad.dll
c:\users\mdoherty\desktop\comp259\hw03-2023\ska\ms_vs\debug\skad.pdb
c:\users\mdoherty\desktop\comp259\hw03-2023\ska\ms_vs\debug\skad.lib
c:\users\mdoherty\desktop\comp259\hw03-2023\ska\ms_vs\debug\skad.exp
c:\users\mdoherty\desktop\comp259\hw03-2023\ska\ms_vs\ska\debug\ska.tlog\cl.command.1.tlog
c:\users\mdoherty\desktop\comp259\hw03-2023\ska\ms_vs\ska\debug\ska.tlog\cl.read.1.tlog
c:\users\mdoherty\desktop\comp259\hw03-2023\ska\ms_vs\ska\debug\ska.tlog\cl.write.1.tlog
c:\users\mdoherty\desktop\comp259\hw03-2023\ska\ms_vs\ska\debug\ska.tlog\link.command.1.tlog
c:\users\mdoherty\desktop\comp259\hw03-2023\ska\ms_vs\ska\debug\ska.tlog\link.read.1.tlog
c:\users\mdoherty\desktop\comp259\hw03-2023\ska\ms_vs\ska\debug\ska.tlog\link.write.1.tlog
c:\users\mdoherty\desktop\comp259\hw03-2023\ska\ms_vs\ska\debug\ska.tlog\ska.write.1u.tlog
